2025-06-12 13:22:42,438 [INFO] root: Initiate the data ingestion
2025-06-12 13:23:30,476 [INFO] root: Performed train test split
2025-06-12 13:23:30,476 [INFO] root: Exited split_data_as_train_test method on DataIngestion class
2025-06-12 13:23:30,477 [INFO] root: Exporting train and test file path
2025-06-12 13:23:30,522 [INFO] root: Exporting train and test file path
2025-06-12 13:23:37,148 [INFO] root: Performed train test split
2025-06-12 13:23:37,149 [INFO] root: Exited split_data_as_train_test method on DataIngestion class
2025-06-12 13:23:37,149 [INFO] root: Exporting train and test file path
2025-06-12 13:23:37,193 [INFO] root: Exporting train and test file path
2025-06-12 13:23:37,193 [INFO] root: data ingestion completed
2025-06-12 13:23:37,200 [INFO] root: Initiate data validation
2025-06-12 13:23:37,243 [INFO] root: Number of columns shoulbe be 2
2025-06-12 13:23:37,243 [INFO] root: The number of columns in dataframe 31
2025-06-12 13:23:37,243 [INFO] root: Number of columns shoulbe be 2
2025-06-12 13:23:37,243 [INFO] root: The number of columns in dataframe 31
2025-06-12 13:23:37,380 [INFO] root: Data validation complete
2025-06-12 13:23:37,380 [INFO] root: Data transformation initiate
2025-06-12 13:23:37,380 [INFO] root: Entereed the data transformation class
2025-06-12 13:23:37,380 [INFO] root: Started data Transformation
2025-06-12 13:23:37,395 [INFO] root: Entered get_data_trnasformer_object method of Trnasformation class
2025-06-12 13:23:37,395 [INFO] root: Initialise KNNImputer with {'missing_values': nan, 'n_neighbors': 3, 'weights': 'uniform'}
2025-06-12 13:23:37,407 [INFO] root: Data tranformation complete
2025-06-12 13:23:37,407 [INFO] root: Model training initiated
2025-06-12 13:25:39,228 [INFO] root: entered the load_object function
2025-06-12 13:25:39,236 [INFO] root: Succesfully load the file
2025-06-12 13:25:39,337 [INFO] root: Model Trainer artifacts ModelTraningArtifacts(trained_model_file_path='Artifacts\\06_12_2025_13_22_40\\model_trainer\\model.pkl\\model.pkl', train_metrics_artifact=ClassificationMetrixArticfacts(f1_score=0.9912065439672801, precision_score=0.9887800897592819, recall_score=0.9936449364493645), test_metrics_artifact=ClassificationMetrixArticfacts(f1_score=0.9743589743589743, precision_score=0.9683397683397683, recall_score=0.980453479280688))
2025-06-12 13:25:39,337 [INFO] root: best model: RandomForestClassifier and score 0.8775817346572397
2025-06-12 13:25:39,339 [INFO] root: Model Training completed
